<?xml version="1.0" encoding="UTF-8"?>
<!-- Generated by org.testng.reporters.JUnitReportReporter -->
<testsuite skipped="2" hostname="DESKTOP-0LO9GIC" name="testcasetest.Register_dws" tests="2" failures="0" timestamp="11 Dec 2021 10:04:16 GMT" time="0.000" errors="0">
  <testcase name="Tc01_Reg" time="0.000" classname="testcasetest.Register_dws">
    <skipped/>
  </testcase> <!-- Tc01_Reg -->
  <testcase name="Tc01_Reg" time="0.000" classname="testcasetest.Register_dws">
    <skipped/>
  </testcase> <!-- Tc01_Reg -->
</testsuite> <!-- testcasetest.Register_dws -->
