<?xml version="1.0" encoding="UTF-8"?>
<!-- Generated by org.testng.reporters.JUnitReportReporter -->
<testsuite skipped="5" hostname="DESKTOP-0LO9GIC" name="testcasetest.Login_addtocartTestcase_DWS" tests="5" failures="0" timestamp="11 Dec 2021 10:04:16 GMT" time="0.000" errors="0">
  <testcase name="Tc02_login" time="0.000" classname="testcasetest.Login_addtocartTestcase_DWS">
    <skipped/>
  </testcase> <!-- Tc02_login -->
  <testcase name="Tc02_login" time="0.000" classname="testcasetest.Login_addtocartTestcase_DWS">
    <skipped/>
  </testcase> <!-- Tc02_login -->
  <testcase name="Tc02_login" time="0.000" classname="testcasetest.Login_addtocartTestcase_DWS">
    <skipped/>
  </testcase> <!-- Tc02_login -->
  <testcase name="Tc02_login" time="0.000" classname="testcasetest.Login_addtocartTestcase_DWS">
    <skipped/>
  </testcase> <!-- Tc02_login -->
  <testcase name="Tc02_login" time="0.000" classname="testcasetest.Login_addtocartTestcase_DWS">
    <skipped/>
  </testcase> <!-- Tc02_login -->
</testsuite> <!-- testcasetest.Login_addtocartTestcase_DWS -->
